<?xml version="1.0" encoding="UTF-8"?>
<testsuite name="com.hyu.properotyTycoon.GodotRuntimeValidatorTest" tests="2" skipped="0" failures="0" errors="0" timestamp="2026-09-18T15:22:34" hostname="Mac" time="0.005">
  <properties/>
  <testcase name="acceptsGodotProjectPackMagic" classname="com.hyu.properotyTycoon.GodotRuntimeValidatorTest" time="0.004"/>
  <testcase name="rejectsMissingOrInvalidProjectPackMagic" classname="com.hyu.properotyTycoon.GodotRuntimeValidatorTest" time="0.001"/>
  <system-out><![CDATA[]]></system-out>
  <system-err><![CDATA[]]></system-err>
</testsuite>
