<?xml version="1.0" encoding="UTF-8"?>
<testsuite name="com.hyu.properotyTycoon.GodotBoardSessionTrackerTest" tests="2" skipped="0" failures="0" errors="0" timestamp="2026-09-18T15:22:34" hostname="Mac" time="0.01">
  <properties/>
  <testcase name="staleDisposeCannotDetachNewSession" classname="com.hyu.properotyTycoon.GodotBoardSessionTrackerTest" time="0.009"/>
  <testcase name="activeSessionCanDetach" classname="com.hyu.properotyTycoon.GodotBoardSessionTrackerTest" time="0.0"/>
  <system-out><![CDATA[]]></system-out>
  <system-err><![CDATA[]]></system-err>
</testsuite>
